Determining if the pthread_create exist failed with the following output:
Change Dir: /home/workspace/proj1/build/CMakeFiles/CMakeTmp

Run Build Command:"/usr/bin/make" "cmTC_897fb/fast"
/usr/bin/make -f CMakeFiles/cmTC_897fb.dir/build.make CMakeFiles/cmTC_897fb.dir/build
make[1]: Entering directory '/home/workspace/proj1/build/CMakeFiles/CMakeTmp'
Building C object CMakeFiles/cmTC_897fb.dir/CheckSymbolExists.c.o
/usr/bin/cc     -o CMakeFiles/cmTC_897fb.dir/CheckSymbolExists.c.o   -c /home/workspace/proj1/build/CMakeFiles/CMakeTmp/CheckSymbolExists.c
Linking C executable cmTC_897fb
/usr/bin/cmake -E cmake_link_script CMakeFiles/cmTC_897fb.dir/link.txt --verbose=1
/usr/bin/cc       CMakeFiles/cmTC_897fb.dir/CheckSymbolExists.c.o  -o cmTC_897fb 
CMakeFiles/cmTC_897fb.dir/CheckSymbolExists.c.o: In function `main':
CheckSymbolExists.c:(.text+0x16): undefined reference to `pthread_create'
collect2: error: ld returned 1 exit status
CMakeFiles/cmTC_897fb.dir/build.make:97: recipe for target 'cmTC_897fb' failed
make[1]: *** [cmTC_897fb] Error 1
make[1]: Leaving directory '/home/workspace/proj1/build/CMakeFiles/CMakeTmp'
Makefile:126: recipe for target 'cmTC_897fb/fast' failed
make: *** [cmTC_897fb/fast] Error 2

File /home/workspace/proj1/build/CMakeFiles/CMakeTmp/CheckSymbolExists.c:
/* */
#include <pthread.h>

int main(int argc, char** argv)
{
  (void)argv;
#ifndef pthread_create
  return ((int*)(&pthread_create))[argc];
#else
  (void)argc;
  return 0;
#endif
}

Determining if the function pthread_create exists in the pthreads failed with the following output:
Change Dir: /home/workspace/proj1/build/CMakeFiles/CMakeTmp

Run Build Command:"/usr/bin/make" "cmTC_71b69/fast"
/usr/bin/make -f CMakeFiles/cmTC_71b69.dir/build.make CMakeFiles/cmTC_71b69.dir/build
make[1]: Entering directory '/home/workspace/proj1/build/CMakeFiles/CMakeTmp'
Building C object CMakeFiles/cmTC_71b69.dir/CheckFunctionExists.c.o
/usr/bin/cc    -DCHECK_FUNCTION_EXISTS=pthread_create   -o CMakeFiles/cmTC_71b69.dir/CheckFunctionExists.c.o   -c /usr/share/cmake-3.5/Modules/CheckFunctionExists.c
Linking C executable cmTC_71b69
/usr/bin/cmake -E cmake_link_script CMakeFiles/cmTC_71b69.dir/link.txt --verbose=1
/usr/bin/cc   -DCHECK_FUNCTION_EXISTS=pthread_create    CMakeFiles/cmTC_71b69.dir/CheckFunctionExists.c.o  -o cmTC_71b69 -lpthreads 
/usr/bin/ld: cannot find -lpthreads
collect2: error: ld returned 1 exit status
CMakeFiles/cmTC_71b69.dir/build.make:97: recipe for target 'cmTC_71b69' failed
make[1]: *** [cmTC_71b69] Error 1
make[1]: Leaving directory '/home/workspace/proj1/build/CMakeFiles/CMakeTmp'
Makefile:126: recipe for target 'cmTC_71b69/fast' failed
make: *** [cmTC_71b69/fast] Error 2


